=== 1.1

- Проведён рефакторинг класса
-- Методы-обработчики вынесены в отдельные функции. Появились protected-методы
   начала обработки и завершения обработки элемента
-- В большинстве мест убран phpDoc и заменён на xbLibAutoDoc
-- Эксепшины убраны за ненадобностью. Решение также продиктовано тем, что проект,
   использующий парсер меожет использовать свои исключения, что может усложнить
   обработку исключений вообще.
-- При установке темлейт-пака пути не проверяются. Продиктовано множественностью
   путей поиска элементов. Темлейт-пак добавляется только к первому пути поиска.
-- Свойство debugTrace переименовано в debug

- Новое свойство startTime. Позволяет переопределить стартовую точку отсчёта времени.

- Новое свойство startRAM. Позволяет переопределить стартовую точку отсчёта RAM.

- Новое свойство loadLanguage. Позволяет отключить автоматическую загрузку словаря.

- Введён объект-владелец. Теперь можно вызывать колбеки
  onParse($text)   - событие завершения обработки
  getLog()         - получение лога сообщений
  getDebugPoints() - получение лога точек отладки
  getQueryCount()  - получение количества запросов
  getQueryPoints() - получение точек отладки запросов
  Во всех случаях должны возвращаться текстовые (html) данные.

- Внутри метода execute доступны: объект парсера ($parser), объект владельца парсера ($CMS)

- Добавлены конструкция для библиотек однострочных и многострочных чанков, таблиц, простых структур

- Добавлен ряд штатных расширений

- Добавлен метод variable для чтения/установки элементов массива DATA

- Добавлен метод setting для чтения/установки элементов массива SETTINGS

- Добавлен метод getChunk для получения содержимого файлов чанков. Поддерживаются
  три типа чанков - обычный и два библиотечных

- Точка в ключах переменных и "настроек" влияет на глубину вложенности элемента.
  Это означает, что переменная "user.name" ссылается на значение $parser->data['user']['name'].
  Обратите на это пристальное внимание! Настоятельно рекомендуется устанавливать значения
  через методы variable и setting.

- Метод parse можно использовать без шаблона, для локальной обработки. Для этого первым
  параметром передаётся шаблонизированный текст, вторым - локальные данные для переменных.
  Второе опционально. Если переданы локальные данные для перменных, плейсхолдеры будут браться
  из переданного массива. В ином случае из штатного (data).

=== 1.1.1

- Добавлена инструкция для колбеков объекта владельца.

- Добавлена система нотификаций.

=== 2.0.0

- Общий рефакторинг

- Кастомные обработчики унифицированы и убраны в отдельные файлы

- Убрана поддержка колбеков для объекта владельца

- Убрана поддержка темлейт-паков

- Шаблон поддерживает метаданные

- Свойство loadLanguage по умолчанию установлено в FALSE

- Языковые пути необходимо задавать явно

- Убран баг с then/else. Теперь, если не задано else, значение пустое

=== 2.0.1

- Добавлено свойство content - плейсхолдер content шаблона

- Добавлено свойство fields - массив извлечённых полей данных

- Добавлено свойство autoTemplate (false) - флаг автоподгрузки шаблонов из метаданных контента

- Добавлена поддержка полей данных в шаблонах (метод extractFields)

- При установке шаблона извлекаются поля (если есть), затем метаданные (если есть)

- При установке свойства content из содержимого извлекаются метаданные (если есть);
  при установленной опции autoTemplate если среди метаданных встречается переменная
  template, шаблон автоматически устанавливается из переменной

=== 2.0.2

- Добавлена поддержка событий

- Добавлен метод ошибки

- Добавлены методы удаления директории

=== 2.1.0

- Добавлены математические расширения и расширения для преобразования типов

- Добавлен функционал для работы с деревьями ресурсов (архитектура id-parent)

- Добавлен тег ссылки

- Добавлен признак кэшируемого сниппета (новый тег)